#
# There is insufficient memory for the Java Runtime Environment to continue.
# Native memory allocation (malloc) failed to allocate 870016 bytes for Chunk::new
# Possible reasons:
#   The system is out of physical RAM or swap space
#   In 32 bit mode, the process size limit was hit
# Possible solutions:
#   Reduce memory load on the system
#   Increase physical memory or swap space
#   Check if swap backing store is full
#   Use 64 bit Java on a 64 bit OS
#   Decrease Java heap size (-Xmx/-Xms)
#   Decrease number of Java threads
#   Decrease Java thread stack sizes (-Xss)
#   Set larger code cache with -XX:ReservedCodeCacheSize=
# This output file may be truncated or incomplete.
#
#  Out of Memory Error (allocation.cpp:323), pid=19552, tid=18080
#
# JRE version: Java(TM) SE Runtime Environment (7.0_45-b18) (build 1.7.0_45-b18)
# Java VM: Java HotSpot(TM) 64-Bit Server VM (24.45-b08 mixed mode windows-amd64 compressed oops)
# Failed to write core dump. Minidumps are not enabled by default on client versions of Windows
#

---------------  T H R E A D  ---------------

Current thread (0x0000000008ec9000):  JavaThread "C2 CompilerThread1" daemon [_thread_in_native, id=18080, stack(0x000000000a530000,0x000000000a630000)]

Stack: [0x000000000a530000,0x000000000a630000]

Current CompileTask:
C2:   4182  355   !         org.apache.maven.model.Model::clone (502 bytes)


---------------  P R O C E S S  ---------------

Java Threads: ( => current thread )
  0x0000000008ed1000 JavaThread "Service Thread" daemon [_thread_blocked, id=1744, stack(0x000000000a630000,0x000000000a730000)]
=>0x0000000008ec9000 JavaThread "C2 CompilerThread1" daemon [_thread_in_native, id=18080, stack(0x000000000a530000,0x000000000a630000)]
  0x0000000008ec7800 JavaThread "C2 CompilerThread0" daemon [_thread_in_native, id=952, stack(0x000000000a430000,0x000000000a530000)]
  0x0000000008ec7000 JavaThread "Attach Listener" daemon [_thread_blocked, id=19604, stack(0x000000000a330000,0x000000000a430000)]
  0x0000000008e98800 JavaThread "Signal Dispatcher" daemon [_thread_blocked, id=19684, stack(0x000000000a230000,0x000000000a330000)]
  0x0000000008e7e800 JavaThread "Finalizer" daemon [_thread_blocked, id=19652, stack(0x000000000a130000,0x000000000a230000)]
  0x0000000008e73800 JavaThread "Reference Handler" daemon [_thread_blocked, id=19432, stack(0x000000000a030000,0x000000000a130000)]
  0x0000000002cad800 JavaThread "main" [_thread_in_native, id=17092, stack(0x0000000002b50000,0x0000000002c50000)]

Other Threads:
  0x0000000008e72000 VMThread [stack: 0x0000000009f30000,0x000000000a030000] [id=18972]
  0x0000000008ef4000 WatcherThread [stack: 0x000000000a730000,0x000000000a830000] [id=18460]

VM state:not at safepoint (normal execution)

VM Mutex/Monitor currently owned by a thread: None

Heap
 PSYoungGen      total 71680K, used 21455K [0x00000000eb300000, 0x00000000f0000000, 0x0000000100000000)
  eden space 65536K, 25% used [0x00000000eb300000,0x00000000ec39e210,0x00000000ef300000)
  from space 6144K, 72% used [0x00000000efa00000,0x00000000efe55b78,0x00000000f0000000)
  to   space 6656K, 0% used [0x00000000ef300000,0x00000000ef300000,0x00000000ef980000)
 ParOldGen       total 42496K, used 8616K [0x00000000c1a00000, 0x00000000c4380000, 0x00000000eb300000)
  object space 42496K, 20% used [0x00000000c1a00000,0x00000000c226a280,0x00000000c4380000)
 PSPermGen       total 21504K, used 14106K [0x00000000bc800000, 0x00000000bdd00000, 0x00000000c1a00000)
  object space 21504K, 65% used [0x00000000bc800000,0x00000000bd5c6878,0x00000000bdd00000)

Card table byte_map: [0x00000000061e0000,0x0000000006400000] byte_map_base: 0x0000000005bfc000

Polling page: 0x0000000000f70000

Code Cache  [0x0000000003120000, 0x0000000003390000, 0x0000000006120000)
 total_blobs=646 nmethods=351 adapters=245 free_code_cache=47843Kb largest_free_block=48964608

Compilation events (10 events):
Event: 3.943 Thread 0x0000000008ec7800  350             org.codehaus.plexus.util.xml.pull.MXParser::nextTag (82 bytes)
Event: 3.946 Thread 0x0000000008ec7800 nmethod 350 0x0000000003262e50 code [0x0000000003262fc0, 0x0000000003263248]
Event: 3.950 Thread 0x0000000008ec9000  351             org.codehaus.plexus.util.xml.Xpp3Dom::getValue (5 bytes)
Event: 3.950 Thread 0x0000000008ec9000 nmethod 351 0x0000000003263450 code [0x0000000003263580, 0x00000000032635d8]
Event: 3.985 Thread 0x0000000008ec7800  352             java.util.HashMap::putAll (163 bytes)
Event: 4.009 Thread 0x0000000008ec7800 nmethod 352 0x00000000031c1710 code [0x00000000031c19e0, 0x00000000031c2880]
Event: 4.011 Thread 0x0000000008ec9000  353             java.util.HashMap::size (5 bytes)
Event: 4.012 Thread 0x0000000008ec9000 nmethod 353 0x00000000031a6c90 code [0x00000000031a6dc0, 0x00000000031a6e18]
Event: 4.062 Thread 0x0000000008ec7800  354             org.apache.maven.model.inheritance.DefaultInheritanceAssembler$InheritanceModelMerger::mergePluginContainer_Plugins (430 bytes)
Event: 4.082 Thread 0x0000000008ec9000  355   !         org.apache.maven.model.Model::clone (502 bytes)

GC Heap History (10 events):
Event: 0.863 GC heap before
{Heap before GC invocations=2 (full 0):
 PSYoungGen      total 18944K, used 18937K [0x00000000eb300000, 0x00000000ec800000, 0x0000000100000000)
  eden space 16384K, 100% used [0x00000000eb300000,0x00000000ec300000,0x00000000ec300000)
  from space 2560K, 99% used [0x00000000ec300000,0x00000000ec57e640,0x00000000ec580000)
  to   space 2560K, 0% used [0x00000000ec580000,0x00000000ec580000,0x00000000ec800000)
 ParOldGen       total 42496K, used 705K [0x00000000c1a00000, 0x00000000c4380000, 0x00000000eb300000)
  object space 42496K, 1% used [0x00000000c1a00000,0x00000000c1ab0650,0x00000000c4380000)
 PSPermGen       total 21504K, used 7306K [0x00000000bc800000, 0x00000000bdd00000, 0x00000000c1a00000)
  object space 21504K, 33% used [0x00000000bc800000,0x00000000bcf22aa8,0x00000000bdd00000)
Event: 0.867 GC heap after
Heap after GC invocations=2 (full 0):
 PSYoungGen      total 18944K, used 2545K [0x00000000eb300000, 0x00000000ed800000, 0x0000000100000000)
  eden space 16384K, 0% used [0x00000000eb300000,0x00000000eb300000,0x00000000ec300000)
  from space 2560K, 99% used [0x00000000ec580000,0x00000000ec7fc750,0x00000000ec800000)
  to   space 2560K, 0% used [0x00000000ec300000,0x00000000ec300000,0x00000000ec580000)
 ParOldGen       total 42496K, used 776K [0x00000000c1a00000, 0x00000000c4380000, 0x00000000eb300000)
  object space 42496K, 1% used [0x00000000c1a00000,0x00000000c1ac23f0,0x00000000c4380000)
 PSPermGen       total 21504K, used 7306K [0x00000000bc800000, 0x00000000bdd00000, 0x00000000c1a00000)
  object space 21504K, 33% used [0x00000000bc800000,0x00000000bcf22aa8,0x00000000bdd00000)
}
Event: 1.194 GC heap before
{Heap before GC invocations=3 (full 0):
 PSYoungGen      total 18944K, used 18929K [0x00000000eb300000, 0x00000000ed800000, 0x0000000100000000)
  eden space 16384K, 100% used [0x00000000eb300000,0x00000000ec300000,0x00000000ec300000)
  from space 2560K, 99% used [0x00000000ec580000,0x00000000ec7fc750,0x00000000ec800000)
  to   space 2560K, 0% used [0x00000000ec300000,0x00000000ec300000,0x00000000ec580000)
 ParOldGen       total 42496K, used 776K [0x00000000c1a00000, 0x00000000c4380000, 0x00000000eb300000)
  object space 42496K, 1% used [0x00000000c1a00000,0x00000000c1ac23f0,0x00000000c4380000)
 PSPermGen       total 21504K, used 9250K [0x00000000bc800000, 0x00000000bdd00000, 0x00000000c1a00000)
  object space 21504K, 43% used [0x00000000bc800000,0x00000000bd108808,0x00000000bdd00000)
Event: 1.199 GC heap after
Heap after GC invocations=3 (full 0):
 PSYoungGen      total 18944K, used 2550K [0x00000000eb300000, 0x00000000ed800000, 0x0000000100000000)
  eden space 16384K, 0% used [0x00000000eb300000,0x00000000eb300000,0x00000000ec300000)
  from space 2560K, 99% used [0x00000000ec300000,0x00000000ec57d848,0x00000000ec580000)
  to   space 2560K, 0% used [0x00000000ed580000,0x00000000ed580000,0x00000000ed800000)
 ParOldGen       total 42496K, used 2589K [0x00000000c1a00000, 0x00000000c4380000, 0x00000000eb300000)
  object space 42496K, 6% used [0x00000000c1a00000,0x00000000c1c87560,0x00000000c4380000)
 PSPermGen       total 21504K, used 9250K [0x00000000bc800000, 0x00000000bdd00000, 0x00000000c1a00000)
  object space 21504K, 43% used [0x00000000bc800000,0x00000000bd108808,0x00000000bdd00000)
}
Event: 1.526 GC heap before
{Heap before GC invocations=4 (full 0):
 PSYoungGen      total 18944K, used 18934K [0x00000000eb300000, 0x00000000ed800000, 0x0000000100000000)
  eden space 16384K, 100% used [0x00000000eb300000,0x00000000ec300000,0x00000000ec300000)
  from space 2560K, 99% used [0x00000000ec300000,0x00000000ec57d848,0x00000000ec580000)
  to   space 2560K, 0% used [0x00000000ed580000,0x00000000ed580000,0x00000000ed800000)
 ParOldGen       total 42496K, used 2589K [0x00000000c1a00000, 0x00000000c4380000, 0x00000000eb300000)
  object space 42496K, 6% used [0x00000000c1a00000,0x00000000c1c87560,0x00000000c4380000)
 PSPermGen       total 21504K, used 11164K [0x00000000bc800000, 0x00000000bdd00000, 0x00000000c1a00000)
  object space 21504K, 51% used [0x00000000bc800000,0x00000000bd2e7250,0x00000000bdd00000)
Event: 1.532 GC heap after
Heap after GC invocations=4 (full 0):
 PSYoungGen      total 35328K, used 2552K [0x00000000eb300000, 0x00000000ed800000, 0x0000000100000000)
  eden space 32768K, 0% used [0x00000000eb300000,0x00000000eb300000,0x00000000ed300000)
  from space 2560K, 99% used [0x00000000ed580000,0x00000000ed7fe030,0x00000000ed800000)
  to   space 2560K, 0% used [0x00000000ed300000,0x00000000ed300000,0x00000000ed580000)
 ParOldGen       total 42496K, used 4710K [0x00000000c1a00000, 0x00000000c4380000, 0x00000000eb300000)
  object space 42496K, 11% used [0x00000000c1a00000,0x00000000c1e998f0,0x00000000c4380000)
 PSPermGen       total 21504K, used 11164K [0x00000000bc800000, 0x00000000bdd00000, 0x00000000c1a00000)
  object space 21504K, 51% used [0x00000000bc800000,0x00000000bd2e7250,0x00000000bdd00000)
}
Event: 2.520 GC heap before
{Heap before GC invocations=5 (full 0):
 PSYoungGen      total 35328K, used 35320K [0x00000000eb300000, 0x00000000ed800000, 0x0000000100000000)
  eden space 32768K, 100% used [0x00000000eb300000,0x00000000ed300000,0x00000000ed300000)
  from space 2560K, 99% used [0x00000000ed580000,0x00000000ed7fe030,0x00000000ed800000)
  to   space 2560K, 0% used [0x00000000ed300000,0x00000000ed300000,0x00000000ed580000)
 ParOldGen       total 42496K, used 4710K [0x00000000c1a00000, 0x00000000c4380000, 0x00000000eb300000)
  object space 42496K, 11% used [0x00000000c1a00000,0x00000000c1e998f0,0x00000000c4380000)
 PSPermGen       total 21504K, used 13337K [0x00000000bc800000, 0x00000000bdd00000, 0x00000000c1a00000)
  object space 21504K, 62% used [0x00000000bc800000,0x00000000bd506758,0x00000000bdd00000)
Event: 2.531 GC heap after
Heap after GC invocations=5 (full 0):
 PSYoungGen      total 35328K, used 2552K [0x00000000eb300000, 0x00000000f0100000, 0x0000000100000000)
  eden space 32768K, 0% used [0x00000000eb300000,0x00000000eb300000,0x00000000ed300000)
  from space 2560K, 99% used [0x00000000ed300000,0x00000000ed57e010,0x00000000ed580000)
  to   space 7168K, 0% used [0x00000000efa00000,0x00000000efa00000,0x00000000f0100000)
 ParOldGen       total 42496K, used 8616K [0x00000000c1a00000, 0x00000000c4380000, 0x00000000eb300000)
  object space 42496K, 20% used [0x00000000c1a00000,0x00000000c226a280,0x00000000c4380000)
 PSPermGen       total 21504K, used 13337K [0x00000000bc800000, 0x00000000bdd00000, 0x00000000c1a00000)
  object space 21504K, 62% used [0x00000000bc800000,0x00000000bd506758,0x00000000bdd00000)
}
Event: 3.765 GC heap before
{Heap before GC invocations=6 (full 0):
 PSYoungGen      total 35328K, used 35320K [0x00000000eb300000, 0x00000000f0100000, 0x0000000100000000)
  eden space 32768K, 100% used [0x00000000eb300000,0x00000000ed300000,0x00000000ed300000)
  from space 2560K, 99% used [0x00000000ed300000,0x00000000ed57e010,0x00000000ed580000)
  to   space 7168K, 0% used [0x00000000efa00000,0x00000000efa00000,0x00000000f0100000)
 ParOldGen       total 42496K, used 8616K [0x00000000c1a00000, 0x00000000c4380000, 0x00000000eb300000)
  object space 42496K, 20% used [0x00000000c1a00000,0x00000000c226a280,0x00000000c4380000)
 PSPermGen       total 21504K, used 13590K [0x00000000bc800000, 0x00000000bdd00000, 0x00000000c1a00000)
  object space 21504K, 63% used [0x00000000bc800000,0x00000000bd545a60,0x00000000bdd00000)
Event: 3.775 GC heap after
Heap after GC invocations=6 (full 0):
 PSYoungGen      total 71680K, used 4438K [0x00000000eb300000, 0x00000000f0000000, 0x0000000100000000)
  eden space 65536K, 0% used [0x00000000eb300000,0x00000000eb300000,0x00000000ef300000)
  from space 6144K, 72% used [0x00000000efa00000,0x00000000efe55b78,0x00000000f0000000)
  to   space 6656K, 0% used [0x00000000ef300000,0x00000000ef300000,0x00000000ef980000)
 ParOldGen       total 42496K, used 8616K [0x00000000c1a00000, 0x00000000c4380000, 0x00000000eb300000)
  object space 42496K, 20% used [0x00000000c1a00000,0x00000000c226a280,0x00000000c4380000)
 PSPermGen       total 21504K, used 13590K [0x00000000bc800000, 0x00000000bdd00000, 0x00000000c1a00000)
  object space 21504K, 63% used [0x00000000bc800000,0x00000000bd545a60,0x00000000bdd00000)
}

Deoptimization events (10 events):
Event: 2.808 Thread 0x0000000002cad800 Uncommon trap: reason=array_check action=maybe_recompile pc=0x0000000003241c34 method=java.util.Arrays.fill([Ljava/lang/Object;Ljava/lang/Object;)V @ 13
Event: 2.808 Thread 0x0000000002cad800 Uncommon trap: reason=array_check action=maybe_recompile pc=0x0000000003241c34 method=java.util.Arrays.fill([Ljava/lang/Object;Ljava/lang/Object;)V @ 13
Event: 2.810 Thread 0x0000000002cad800 Uncommon trap: reason=array_check action=maybe_recompile pc=0x0000000003241c34 method=java.util.Arrays.fill([Ljava/lang/Object;Ljava/lang/Object;)V @ 13
Event: 2.820 Thread 0x0000000002cad800 Uncommon trap: reason=array_check action=maybe_recompile pc=0x0000000003241c34 method=java.util.Arrays.fill([Ljava/lang/Object;Ljava/lang/Object;)V @ 13
Event: 3.745 Thread 0x0000000002cad800 Uncommon trap: reason=unreached action=reinterpret pc=0x0000000003266b18 method=org.eclipse.sisu.inject.LocatedBeans$Itr.hasNext()Z @ 21
Event: 3.829 Thread 0x0000000002cad800 Uncommon trap: reason=null_check action=make_not_entrant pc=0x00000000031c4a80 method=java.util.jar.Attributes.putValue(Ljava/lang/String;Ljava/lang/String;)Ljava/lang/String; @ 13
Event: 3.844 Thread 0x0000000002cad800 Uncommon trap: reason=bimorphic action=maybe_recompile pc=0x000000000324cd60 method=java.util.regex.Pattern$BmpCharProperty.match(Ljava/util/regex/Matcher;ILjava/lang/CharSequence;)Z @ 16
Event: 3.844 Thread 0x0000000002cad800 Uncommon trap: reason=bimorphic action=maybe_recompile pc=0x000000000324cd60 method=java.util.regex.Pattern$BmpCharProperty.match(Ljava/util/regex/Matcher;ILjava/lang/CharSequence;)Z @ 16
Event: 3.844 Thread 0x0000000002cad800 Uncommon trap: reason=bimorphic action=maybe_recompile pc=0x000000000321e71c method=java.util.regex.Pattern$CharProperty.match(Ljava/util/regex/Matcher;ILjava/lang/CharSequence;)Z @ 37
Event: 3.850 Thread 0x0000000002cad800 Uncommon trap: reason=unreached action=reinterpret pc=0x000000000325ed50 method=org.eclipse.sisu.inject.LocatedBeans$Itr.hasNext()Z @ 21

Internal exceptions (10 events):
Event: 3.885 Thread 0x0000000002cad800 Threw 0x00000000eb72aa58 at C:\re\jdk7u45\229\hotspot\src\share\vm\prims\jvm.cpp:1244
Event: 3.886 Thread 0x0000000002cad800 Threw 0x00000000eb7318a0 at C:\re\jdk7u45\229\hotspot\src\share\vm\prims\jvm.cpp:1244
Event: 3.887 Thread 0x0000000002cad800 Threw 0x00000000eb7392a0 at C:\re\jdk7u45\229\hotspot\src\share\vm\prims\jvm.cpp:1244
Event: 3.888 Thread 0x0000000002cad800 Threw 0x00000000eb751c58 at C:\re\jdk7u45\229\hotspot\src\share\vm\prims\jvm.cpp:1244
Event: 3.889 Thread 0x0000000002cad800 Threw 0x00000000eb767560 at C:\re\jdk7u45\229\hotspot\src\share\vm\prims\jvm.cpp:1244
Event: 3.892 Thread 0x0000000002cad800 Threw 0x00000000eb76b3f0 at C:\re\jdk7u45\229\hotspot\src\share\vm\prims\jvm.cpp:1244
Event: 3.893 Thread 0x0000000002cad800 Threw 0x00000000eb770020 at C:\re\jdk7u45\229\hotspot\src\share\vm\prims\jvm.cpp:1244
Event: 3.893 Thread 0x0000000002cad800 Threw 0x00000000eb770610 at C:\re\jdk7u45\229\hotspot\src\share\vm\prims\jvm.cpp:1244
Event: 3.893 Thread 0x0000000002cad800 Threw 0x00000000eb775900 at C:\re\jdk7u45\229\hotspot\src\share\vm\prims\jvm.cpp:1244
Event: 3.893 Thread 0x0000000002cad800 Threw 0x00000000eb7760e0 at C:\re\jdk7u45\229\hotspot\src\share\vm\prims\jvm.cpp:1244

Events (10 events):
Event: 3.892 loading class 0x000000000b15f050
Event: 3.892 loading class 0x000000000b15f050 done
Event: 3.892 loading class 0x000000000b15f050
Event: 3.892 loading class 0x000000000b15f050 done
Event: 3.892 loading class 0x000000000abee310
Event: 3.892 loading class 0x000000000abee310 done
Event: 3.893 loading class 0x000000000b32f1e0
Event: 3.893 loading class 0x000000000b32f1e0 done
Event: 4.106 Executing VM operation: EnableBiasedLocking
Event: 4.107 Executing VM operation: EnableBiasedLocking done


Dynamic libraries:
0x00007ff713250000 - 0x00007ff713283000 	C:\Users\zhang\AppData\Local\MyEclipse 2015\binary\com.sun.java.jdk7.win32.x86_64_1.7.0.u45\bin\javaw.exe
0x00007ff9b5530000 - 0x00007ff9b5701000 	C:\Windows\SYSTEM32\ntdll.dll
0x00007ff9b4ec0000 - 0x00007ff9b4f6b000 	C:\Windows\System32\KERNEL32.DLL
0x00007ff9b2660000 - 0x00007ff9b287d000 	C:\Windows\System32\KERNELBASE.dll
0x00007ff9b2980000 - 0x00007ff9b2a22000 	C:\Windows\System32\ADVAPI32.dll
0x00007ff9b4e10000 - 0x00007ff9b4eae000 	C:\Windows\System32\msvcrt.dll
0x00007ff9b4960000 - 0x00007ff9b49b9000 	C:\Windows\System32\sechost.dll
0x00007ff9b4f70000 - 0x00007ff9b5091000 	C:\Windows\System32\RPCRT4.dll
0x00007ff9b5360000 - 0x00007ff9b54c5000 	C:\Windows\System32\USER32.dll
0x00007ff9b2880000 - 0x00007ff9b289e000 	C:\Windows\System32\win32u.dll
0x00007ff9b51e0000 - 0x00007ff9b5214000 	C:\Windows\System32\GDI32.dll
0x00007ff9b24d0000 - 0x00007ff9b2652000 	C:\Windows\System32\gdi32full.dll
0x00007ff9aa480000 - 0x00007ff9aa6fa000 	C:\Windows\WinSxS\amd64_microsoft.windows.common-controls_6595b64144ccf1df_6.0.14393.953_none_42151e83c686086b\COMCTL32.dll
0x00007ff9b2d90000 - 0x00007ff9b3058000 	C:\Windows\System32\combase.dll
0x00007ff9b2330000 - 0x00007ff9b2425000 	C:\Windows\System32\ucrtbase.dll
0x00007ff9b20d0000 - 0x00007ff9b213a000 	C:\Windows\System32\bcryptPrimitives.dll
0x00007ff9b51b0000 - 0x00007ff9b51de000 	C:\Windows\System32\IMM32.DLL
0x00000000542b0000 - 0x0000000054382000 	C:\Users\zhang\AppData\Local\MyEclipse 2015\binary\com.sun.java.jdk7.win32.x86_64_1.7.0.u45\jre\bin\msvcr100.dll
0x00000000532d0000 - 0x0000000053a99000 	C:\Users\zhang\AppData\Local\MyEclipse 2015\binary\com.sun.java.jdk7.win32.x86_64_1.7.0.u45\jre\bin\server\jvm.dll
0x00007ff9b2300000 - 0x00007ff9b2323000 	C:\Windows\System32\WINMM.dll
0x00007ff9b1790000 - 0x00007ff9b17bb000 	C:\Windows\System32\WINMMBASE.dll
0x00007ff9b2080000 - 0x00007ff9b20c2000 	C:\Windows\System32\cfgmgr32.dll
0x00007ff9b4eb0000 - 0x00007ff9b4eb8000 	C:\Windows\System32\PSAPI.DLL
0x00007ff9a56d0000 - 0x00007ff9a56d9000 	C:\Windows\SYSTEM32\WSOCK32.dll
0x00007ff9b5140000 - 0x00007ff9b51aa000 	C:\Windows\System32\WS2_32.dll
0x00000000542a0000 - 0x00000000542af000 	C:\Users\zhang\AppData\Local\MyEclipse 2015\binary\com.sun.java.jdk7.win32.x86_64_1.7.0.u45\jre\bin\verify.dll
0x0000000054270000 - 0x0000000054298000 	C:\Users\zhang\AppData\Local\MyEclipse 2015\binary\com.sun.java.jdk7.win32.x86_64_1.7.0.u45\jre\bin\java.dll
0x0000000054250000 - 0x0000000054265000 	C:\Users\zhang\AppData\Local\MyEclipse 2015\binary\com.sun.java.jdk7.win32.x86_64_1.7.0.u45\jre\bin\zip.dll
0x0000000054230000 - 0x0000000054249000 	C:\Users\zhang\AppData\Local\MyEclipse 2015\binary\com.sun.java.jdk7.win32.x86_64_1.7.0.u45\jre\bin\net.dll
0x00007ff9b1060000 - 0x00007ff9b10bc000 	C:\Windows\system32\mswsock.dll
0x0000000054210000 - 0x0000000054221000 	C:\Users\zhang\AppData\Local\MyEclipse 2015\binary\com.sun.java.jdk7.win32.x86_64_1.7.0.u45\jre\bin\nio.dll

VM Arguments:
jvm_args: -Dmaven.home=EMBEDDED -Dclassworlds.conf=F:\myeclipse2015\workspace\.metadata\.plugins\org.eclipse.m2e.launching\launches\m2conf1198875322503103320.tmp -Dfile.encoding=GBK 
java_command: org.codehaus.plexus.classworlds.launcher.Launcher -B install
Launcher Type: SUN_STANDARD

Environment Variables:
JAVA_HOME=E:\Studytools\Java\jdk1.7.0_80
CLASSPATH=.;E:\Studytools\Java\jdk1.7.0_80\lib;E:\Studytools\Java\jdk1.7.0_80\lib\tools.jar;apache-tomcat-7.0.70\lib\servlet-api.jar;
PATH=E:\Studytools\Java\jdk1.7.0_80\bin;H:\app\zhang\product\11.2.0\dbhome_1\bin;C:\Windows\system32;C:\Windows;C:\Windows\System32\Wbem;C:\Windows\System32\WindowsPowerShell\v1.0\;E:\Studytools\Java\jdk1.7.0_80\bin;E:\Studytools\Java\jdk1.7.0_80\jre\bin;E:\Studytools\mysql-5.6.32-winx64\bin;ATALINA_HOME1403126464b;ATALINA_HOME;/bin;C:\MinGW\bin;E:\Studytools\Java\jdk1.7.0_80\jre\bin;F:\apache-maven-3.3.9\bin;C:\Program Files (x86)\VisualSVN Server\bin;C:\Program Files (x86)\Microsoft Visual Studio\Common\Tools\WinNT;C:\Program Files (x86)\Microsoft Visual Studio\Common\MSDev98\Bin;C:\Program Files (x86)\Microsoft Visual Studio\Common\Tools;C:\Program Files (x86)\Microsoft Visual Studio\VC98\bin;C:\Users\zhang\AppData\Local\Microsoft\WindowsApps;C:\ProgramData\zhang\atom\bin;C:\Program Files (x86)\SSH Communications Security\SSH Secure Shell;C:\Users\zhang\AppData\Local\GitHubDesktop\bin;C:\Users\zhang\AppData\Local\atom\bin
USERNAME=zhang
OS=Windows_NT
PROCESSOR_IDENTIFIER=Intel64 Family 6 Model 60 Stepping 3, GenuineIntel



---------------  S Y S T E M  ---------------

OS: Windows 8 , 64 bit Build 9200 

CPU:total 4 (2 cores per cpu, 2 threads per core) family 6 model 60 stepping 3, cmov, cx8, fxsr, mmx, sse, sse2, sse3, ssse3, sse4.1, sse4.2, popcnt, avx, avx2, aes, erms, ht, tsc, tscinvbit

Memory: 4k page, physical 4080636k(426868k free), swap 10109480k(8508k free)

vm_info: Java HotSpot(TM) 64-Bit Server VM (24.45-b08) for windows-amd64 JRE (1.7.0_45-b18), built on Oct  8 2013 05:47:22 by "java_re" with unknown MS VC++:1600

time: Sun Nov 19 21:14:21 2017
elapsed time: 4 seconds

